[2026-02-03T08:52:18.860+0000] {manager.py:470} INFO - Processing files using up to 2 processes at a time 
[2026-02-03T08:52:18.862+0000] {manager.py:471} INFO - Process each file at most once every 30 seconds
[2026-02-03T08:52:18.862+0000] {manager.py:472} INFO - Checking for new files in /opt/airflow/dags every 300 seconds
[2026-02-03T08:52:18.862+0000] {manager.py:737} INFO - Searching for files in /opt/airflow/dags
[2026-02-03T08:52:18.865+0000] {manager.py:740} INFO - There are 1 files in /opt/airflow/dags
[2026-02-03T08:52:18.943+0000] {manager.py:878} INFO - 
================================================================================
DAG File Processing Stats

File Path                        PID  Runtime      # DAGs    # Errors  Last Runtime    Last Run
-----------------------------  -----  ---------  --------  ----------  --------------  ----------
/opt/airflow/dags/temp_etl.py     44  0.03s             0           0
================================================================================
[2026-02-03T08:52:49.140+0000] {manager.py:878} INFO - 
================================================================================
DAG File Processing Stats

File Path                      PID    Runtime      # DAGs    # Errors  Last Runtime    Last Run
-----------------------------  -----  ---------  --------  ----------  --------------  -------------------
/opt/airflow/dags/temp_etl.py                           1           0  0.59s           2026-02-03T08:52:19
================================================================================
[2026-02-03T08:53:19.349+0000] {manager.py:878} INFO - 
================================================================================
DAG File Processing Stats

File Path                      PID    Runtime      # DAGs    # Errors  Last Runtime    Last Run
-----------------------------  -----  ---------  --------  ----------  --------------  -------------------
/opt/airflow/dags/temp_etl.py                           1           0  0.49s           2026-02-03T08:52:50
================================================================================
[2026-02-03T08:53:49.754+0000] {manager.py:878} INFO - 
================================================================================
DAG File Processing Stats

File Path                      PID    Runtime      # DAGs    # Errors  Last Runtime    Last Run
-----------------------------  -----  ---------  --------  ----------  --------------  -------------------
/opt/airflow/dags/temp_etl.py                           1           0  0.55s           2026-02-03T08:53:20
================================================================================
[2026-02-03T08:54:20.416+0000] {manager.py:878} INFO - 
================================================================================
DAG File Processing Stats

File Path                      PID    Runtime      # DAGs    # Errors  Last Runtime    Last Run
-----------------------------  -----  ---------  --------  ----------  --------------  -------------------
/opt/airflow/dags/temp_etl.py                           1           0  0.35s           2026-02-03T08:53:51
================================================================================
[2026-02-03T08:54:50.892+0000] {manager.py:878} INFO - 
================================================================================
DAG File Processing Stats

File Path                      PID    Runtime      # DAGs    # Errors  Last Runtime    Last Run
-----------------------------  -----  ---------  --------  ----------  --------------  -------------------
/opt/airflow/dags/temp_etl.py                           1           0  0.52s           2026-02-03T08:54:22
================================================================================
[2026-02-03T08:55:21.026+0000] {manager.py:878} INFO - 
================================================================================
DAG File Processing Stats

File Path                      PID    Runtime      # DAGs    # Errors  Last Runtime    Last Run
-----------------------------  -----  ---------  --------  ----------  --------------  -------------------
/opt/airflow/dags/temp_etl.py                           1           0  0.39s           2026-02-03T08:54:52
================================================================================
[2026-02-03T08:55:51.732+0000] {manager.py:878} INFO - 
================================================================================
DAG File Processing Stats

File Path                      PID    Runtime      # DAGs    # Errors  Last Runtime    Last Run
-----------------------------  -----  ---------  --------  ----------  --------------  -------------------
/opt/airflow/dags/temp_etl.py                           1           0  0.59s           2026-02-03T08:55:43
================================================================================
[2026-02-03T08:56:22.093+0000] {manager.py:878} INFO - 
================================================================================
DAG File Processing Stats

File Path                      PID    Runtime      # DAGs    # Errors  Last Runtime    Last Run
-----------------------------  -----  ---------  --------  ----------  --------------  -------------------
/opt/airflow/dags/temp_etl.py                           1           0  0.39s           2026-02-03T08:56:14
================================================================================
[2026-02-03T08:56:52.573+0000] {manager.py:878} INFO - 
================================================================================
DAG File Processing Stats

File Path                      PID    Runtime      # DAGs    # Errors  Last Runtime    Last Run
-----------------------------  -----  ---------  --------  ----------  --------------  -------------------
/opt/airflow/dags/temp_etl.py                           1           0  0.74s           2026-02-03T08:56:38
================================================================================
[2026-02-03T08:57:19.292+0000] {manager.py:737} INFO - Searching for files in /opt/airflow/dags
[2026-02-03T08:57:19.299+0000] {manager.py:740} INFO - There are 1 files in /opt/airflow/dags
[2026-02-03T08:57:22.744+0000] {manager.py:878} INFO - 
================================================================================
DAG File Processing Stats

File Path                      PID    Runtime      # DAGs    # Errors  Last Runtime    Last Run
-----------------------------  -----  ---------  --------  ----------  --------------  -------------------
/opt/airflow/dags/temp_etl.py                           1           0  0.45s           2026-02-03T08:57:09
================================================================================
[2026-02-03T08:57:53.608+0000] {manager.py:878} INFO - 
================================================================================
DAG File Processing Stats

File Path                      PID    Runtime      # DAGs    # Errors  Last Runtime    Last Run
-----------------------------  -----  ---------  --------  ----------  --------------  -------------------
/opt/airflow/dags/temp_etl.py                           1           0  0.58s           2026-02-03T08:57:40
================================================================================
[2026-02-03T08:58:23.901+0000] {manager.py:878} INFO - 
================================================================================
DAG File Processing Stats

File Path                      PID    Runtime      # DAGs    # Errors  Last Runtime    Last Run
-----------------------------  -----  ---------  --------  ----------  --------------  -------------------
/opt/airflow/dags/temp_etl.py                           1           0  0.37s           2026-02-03T08:58:11
================================================================================
[2026-02-03T08:58:54.444+0000] {manager.py:878} INFO - 
================================================================================
DAG File Processing Stats

File Path                      PID    Runtime      # DAGs    # Errors  Last Runtime    Last Run
-----------------------------  -----  ---------  --------  ----------  --------------  -------------------
/opt/airflow/dags/temp_etl.py                           1           0  0.37s           2026-02-03T08:58:41
================================================================================
[2026-02-03T08:59:25.006+0000] {manager.py:878} INFO - 
================================================================================
DAG File Processing Stats

File Path                      PID    Runtime      # DAGs    # Errors  Last Runtime    Last Run
-----------------------------  -----  ---------  --------  ----------  --------------  -------------------
/opt/airflow/dags/temp_etl.py                           1           0  0.39s           2026-02-03T08:59:12
================================================================================
[2026-02-03T08:59:55.553+0000] {manager.py:878} INFO - 
================================================================================
DAG File Processing Stats

File Path                      PID    Runtime      # DAGs    # Errors  Last Runtime    Last Run
-----------------------------  -----  ---------  --------  ----------  --------------  -------------------
/opt/airflow/dags/temp_etl.py                           1           0  0.34s           2026-02-03T08:59:42
================================================================================
[2026-02-03T09:00:26.106+0000] {manager.py:878} INFO - 
================================================================================
DAG File Processing Stats

File Path                      PID    Runtime      # DAGs    # Errors  Last Runtime    Last Run
-----------------------------  -----  ---------  --------  ----------  --------------  -------------------
/opt/airflow/dags/temp_etl.py                           1           0  0.37s           2026-02-03T09:00:13
================================================================================
[2026-02-03T09:00:56.661+0000] {manager.py:878} INFO - 
================================================================================
DAG File Processing Stats

File Path                      PID    Runtime      # DAGs    # Errors  Last Runtime    Last Run
-----------------------------  -----  ---------  --------  ----------  --------------  -------------------
/opt/airflow/dags/temp_etl.py                           1           0  0.39s           2026-02-03T09:00:43
================================================================================
[2026-02-03T09:01:27.196+0000] {manager.py:878} INFO - 
================================================================================
DAG File Processing Stats

File Path                      PID    Runtime      # DAGs    # Errors  Last Runtime    Last Run
-----------------------------  -----  ---------  --------  ----------  --------------  -------------------
/opt/airflow/dags/temp_etl.py                           1           0  0.36s           2026-02-03T09:01:14
================================================================================
[2026-02-03T09:01:57.747+0000] {manager.py:878} INFO - 
================================================================================
DAG File Processing Stats

File Path                      PID    Runtime      # DAGs    # Errors  Last Runtime    Last Run
-----------------------------  -----  ---------  --------  ----------  --------------  -------------------
/opt/airflow/dags/temp_etl.py                           1           0  0.34s           2026-02-03T09:01:44
================================================================================
[2026-02-03T09:02:19.670+0000] {manager.py:737} INFO - Searching for files in /opt/airflow/dags
[2026-02-03T09:02:19.677+0000] {manager.py:740} INFO - There are 1 files in /opt/airflow/dags
[2026-02-03T09:02:28.292+0000] {manager.py:878} INFO - 
================================================================================
DAG File Processing Stats

File Path                      PID    Runtime      # DAGs    # Errors  Last Runtime    Last Run
-----------------------------  -----  ---------  --------  ----------  --------------  -------------------
/opt/airflow/dags/temp_etl.py                           1           0  0.46s           2026-02-03T09:02:15
================================================================================
[2026-02-03T09:02:58.386+0000] {manager.py:878} INFO - 
================================================================================
DAG File Processing Stats

File Path                      PID    Runtime      # DAGs    # Errors  Last Runtime    Last Run
-----------------------------  -----  ---------  --------  ----------  --------------  -------------------
/opt/airflow/dags/temp_etl.py                           1           0  0.46s           2026-02-03T09:02:46
================================================================================
[2026-02-03T09:03:26.894+0000] {manager.py:452} INFO - Exiting gracefully upon receiving signal 15
[2026-02-03T09:04:07.372+0000] {manager.py:470} INFO - Processing files using up to 2 processes at a time 
[2026-02-03T09:04:07.373+0000] {manager.py:471} INFO - Process each file at most once every 30 seconds
[2026-02-03T09:04:07.374+0000] {manager.py:472} INFO - Checking for new files in /opt/airflow/dags every 300 seconds
[2026-02-03T09:04:07.374+0000] {manager.py:737} INFO - Searching for files in /opt/airflow/dags
[2026-02-03T09:04:07.378+0000] {manager.py:740} INFO - There are 1 files in /opt/airflow/dags
[2026-02-03T09:04:07.454+0000] {manager.py:878} INFO - 
================================================================================
DAG File Processing Stats

File Path                        PID  Runtime      # DAGs    # Errors  Last Runtime    Last Run
-----------------------------  -----  ---------  --------  ----------  --------------  ----------
/opt/airflow/dags/temp_etl.py     42  0.04s             0           0
================================================================================
[2026-02-03T09:04:37.600+0000] {manager.py:878} INFO - 
================================================================================
DAG File Processing Stats

File Path                      PID    Runtime      # DAGs    # Errors  Last Runtime    Last Run
-----------------------------  -----  ---------  --------  ----------  --------------  -------------------
/opt/airflow/dags/temp_etl.py                           1           0  0.98s           2026-02-03T09:04:08
================================================================================
[2026-02-03T09:05:07.700+0000] {manager.py:878} INFO - 
================================================================================
DAG File Processing Stats

File Path                      PID    Runtime      # DAGs    # Errors  Last Runtime    Last Run
-----------------------------  -----  ---------  --------  ----------  --------------  -------------------
/opt/airflow/dags/temp_etl.py                           1           0  0.84s           2026-02-03T09:04:39
================================================================================
[2026-02-03T09:05:38.006+0000] {manager.py:878} INFO - 
================================================================================
DAG File Processing Stats

File Path                      PID    Runtime      # DAGs    # Errors  Last Runtime    Last Run
-----------------------------  -----  ---------  --------  ----------  --------------  -------------------
/opt/airflow/dags/temp_etl.py                           1           0  0.45s           2026-02-03T09:05:10
================================================================================
[2026-02-03T09:07:21.548+0000] {manager.py:470} INFO - Processing files using up to 2 processes at a time 
[2026-02-03T09:07:21.549+0000] {manager.py:471} INFO - Process each file at most once every 30 seconds
[2026-02-03T09:07:21.551+0000] {manager.py:472} INFO - Checking for new files in /opt/airflow/dags every 300 seconds
[2026-02-03T09:07:21.552+0000] {manager.py:737} INFO - Searching for files in /opt/airflow/dags
[2026-02-03T09:07:21.554+0000] {manager.py:740} INFO - There are 1 files in /opt/airflow/dags
[2026-02-03T09:07:21.701+0000] {manager.py:878} INFO - 
================================================================================
DAG File Processing Stats

File Path                        PID  Runtime      # DAGs    # Errors  Last Runtime    Last Run
-----------------------------  -----  ---------  --------  ----------  --------------  ----------
/opt/airflow/dags/temp_etl.py     44  0.09s             0           0
================================================================================
[2026-02-03T09:07:51.934+0000] {manager.py:878} INFO - 
================================================================================
DAG File Processing Stats

File Path                      PID    Runtime      # DAGs    # Errors  Last Runtime    Last Run
-----------------------------  -----  ---------  --------  ----------  --------------  -------------------
/opt/airflow/dags/temp_etl.py                           1           0  2.35s           2026-02-03T09:07:23
================================================================================
[2026-02-03T09:08:22.332+0000] {manager.py:878} INFO - 
================================================================================
DAG File Processing Stats

File Path                      PID    Runtime      # DAGs    # Errors  Last Runtime    Last Run
-----------------------------  -----  ---------  --------  ----------  --------------  -------------------
/opt/airflow/dags/temp_etl.py                           1           0  0.33s           2026-02-03T09:07:54
================================================================================
[2026-02-03T09:08:52.652+0000] {manager.py:878} INFO - 
================================================================================
DAG File Processing Stats

File Path                      PID    Runtime      # DAGs    # Errors  Last Runtime    Last Run
-----------------------------  -----  ---------  --------  ----------  --------------  -------------------
/opt/airflow/dags/temp_etl.py                           1           0  0.36s           2026-02-03T09:08:24
================================================================================
[2026-02-03T09:09:23.136+0000] {manager.py:878} INFO - 
================================================================================
DAG File Processing Stats

File Path                      PID    Runtime      # DAGs    # Errors  Last Runtime    Last Run
-----------------------------  -----  ---------  --------  ----------  --------------  -------------------
/opt/airflow/dags/temp_etl.py                           1           0  0.32s           2026-02-03T09:08:55
================================================================================
[2026-02-03T09:09:53.609+0000] {manager.py:878} INFO - 
================================================================================
DAG File Processing Stats

File Path                      PID    Runtime      # DAGs    # Errors  Last Runtime    Last Run
-----------------------------  -----  ---------  --------  ----------  --------------  -------------------
/opt/airflow/dags/temp_etl.py                           1           0  0.37s           2026-02-03T09:09:25
================================================================================
[2026-02-03T09:10:24.172+0000] {manager.py:878} INFO - 
================================================================================
DAG File Processing Stats

File Path                      PID    Runtime      # DAGs    # Errors  Last Runtime    Last Run
-----------------------------  -----  ---------  --------  ----------  --------------  -------------------
/opt/airflow/dags/temp_etl.py                           1           0  0.37s           2026-02-03T09:09:56
================================================================================
[2026-02-03T09:10:54.740+0000] {manager.py:878} INFO - 
================================================================================
DAG File Processing Stats

File Path                      PID    Runtime      # DAGs    # Errors  Last Runtime    Last Run
-----------------------------  -----  ---------  --------  ----------  --------------  -------------------
/opt/airflow/dags/temp_etl.py                           1           0  0.35s           2026-02-03T09:10:26
================================================================================
[2026-02-03T09:11:25.253+0000] {manager.py:878} INFO - 
================================================================================
DAG File Processing Stats

File Path                      PID    Runtime      # DAGs    # Errors  Last Runtime    Last Run
-----------------------------  -----  ---------  --------  ----------  --------------  -------------------
/opt/airflow/dags/temp_etl.py                           1           0  0.34s           2026-02-03T09:10:57
================================================================================
[2026-02-03T09:11:55.768+0000] {manager.py:878} INFO - 
================================================================================
DAG File Processing Stats

File Path                      PID    Runtime      # DAGs    # Errors  Last Runtime    Last Run
-----------------------------  -----  ---------  --------  ----------  --------------  -------------------
/opt/airflow/dags/temp_etl.py                           1           0  0.36s           2026-02-03T09:11:27
================================================================================
[2026-02-03T09:12:21.716+0000] {manager.py:737} INFO - Searching for files in /opt/airflow/dags
[2026-02-03T09:12:21.722+0000] {manager.py:740} INFO - There are 1 files in /opt/airflow/dags
[2026-02-03T09:12:26.370+0000] {manager.py:878} INFO - 
================================================================================
DAG File Processing Stats

File Path                      PID    Runtime      # DAGs    # Errors  Last Runtime    Last Run
-----------------------------  -----  ---------  --------  ----------  --------------  -------------------
/opt/airflow/dags/temp_etl.py                           1           0  0.44s           2026-02-03T09:11:58
================================================================================
[2026-02-03T09:12:56.582+0000] {manager.py:878} INFO - 
================================================================================
DAG File Processing Stats

File Path                      PID    Runtime      # DAGs    # Errors  Last Runtime    Last Run
-----------------------------  -----  ---------  --------  ----------  --------------  -------------------
/opt/airflow/dags/temp_etl.py                           1           0  0.50s           2026-02-03T09:12:29
================================================================================
[2026-02-03T09:13:27.255+0000] {manager.py:878} INFO - 
================================================================================
DAG File Processing Stats

File Path                      PID    Runtime      # DAGs    # Errors  Last Runtime    Last Run
-----------------------------  -----  ---------  --------  ----------  --------------  -------------------
/opt/airflow/dags/temp_etl.py                           1           0  0.70s           2026-02-03T09:13:00
================================================================================
[2026-02-03T09:13:57.782+0000] {manager.py:878} INFO - 
================================================================================
DAG File Processing Stats

File Path                      PID    Runtime      # DAGs    # Errors  Last Runtime    Last Run
-----------------------------  -----  ---------  --------  ----------  --------------  -------------------
/opt/airflow/dags/temp_etl.py                           1           0  0.36s           2026-02-03T09:13:30
================================================================================
[2026-02-03T09:14:27.938+0000] {manager.py:878} INFO - 
================================================================================
DAG File Processing Stats

File Path                      PID    Runtime      # DAGs    # Errors  Last Runtime    Last Run
-----------------------------  -----  ---------  --------  ----------  --------------  -------------------
/opt/airflow/dags/temp_etl.py                           1           0  0.64s           2026-02-03T09:14:01
================================================================================
[2026-02-03T09:14:58.527+0000] {manager.py:878} INFO - 
================================================================================
DAG File Processing Stats

File Path                      PID    Runtime      # DAGs    # Errors  Last Runtime    Last Run
-----------------------------  -----  ---------  --------  ----------  --------------  -------------------
/opt/airflow/dags/temp_etl.py                           1           0  0.55s           2026-02-03T09:14:32
================================================================================
[2026-02-03T09:15:29.001+0000] {manager.py:878} INFO - 
================================================================================
DAG File Processing Stats

File Path                      PID    Runtime      # DAGs    # Errors  Last Runtime    Last Run
-----------------------------  -----  ---------  --------  ----------  --------------  -------------------
/opt/airflow/dags/temp_etl.py                           1           0  0.37s           2026-02-03T09:15:02
================================================================================
[2026-02-03T09:15:59.311+0000] {manager.py:878} INFO - 
================================================================================
DAG File Processing Stats

File Path                      PID    Runtime      # DAGs    # Errors  Last Runtime    Last Run
-----------------------------  -----  ---------  --------  ----------  --------------  -------------------
/opt/airflow/dags/temp_etl.py                           1           0  0.50s           2026-02-03T09:15:33
================================================================================
